2025-05-27 11:52:43,300 - INFO - Используется драйвер: c:\Code\Python\Stable\web_drivers\geckodriver.exe
2025-05-27 11:52:43,301 - INFO - [Предыдущие данные загружены]
2025-05-27 11:52:52,497 - INFO - Выберите причину прогула:
2025-05-27 11:52:53,994 - INFO - Конфигурация сохранена
2025-05-27 11:52:53,995 - INFO - Запуск программы
2025-05-27 11:52:58,135 - INFO - [Студент 1] Открытие страницы логина
2025-05-27 11:52:58,505 - INFO - [Студент 1] Ввод логина/пароля и вход
2025-05-27 11:52:59,058 - INFO - [Студент 1] Попытка закрыть всплывающее окно
2025-05-27 11:53:01,108 - WARNING - [Студент 1] Всплывающее окно не найдено или не кликабельно — продолжаем работу
2025-05-27 11:53:01,108 - INFO - [Студент 1] Сохранение кук в cookie_1.pkl
2025-05-27 11:53:01,110 - INFO - [Студент 1] Переход на страницу прогулов
2025-05-27 11:53:01,720 - INFO - [Студент 1] Найдено 4 ячеек прогулов
2025-05-27 11:53:11,004 - INFO - [Студент 1] Браузер закрыт
2025-05-27 11:53:15,531 - INFO - Используется драйвер: c:\Code\Python\Stable\web_drivers\geckodriver.exe
2025-05-27 11:53:15,531 - INFO - [Предыдущие данные загружены]
2025-05-27 11:53:22,368 - INFO - Конфигурация сохранена
2025-05-27 11:53:22,368 - INFO - Запуск программы
2025-05-27 11:53:26,308 - INFO - [Студент 1] Открытие страницы логина
2025-05-27 11:53:26,806 - INFO - [Студент 1] Ввод логина/пароля и вход
2025-05-27 11:53:27,362 - INFO - [Студент 1] Попытка закрыть всплывающее окно
2025-05-27 11:53:29,411 - WARNING - [Студент 1] Всплывающее окно не найдено или не кликабельно — продолжаем работу
2025-05-27 11:53:29,411 - INFO - [Студент 1] Сохранение кук в cookie_1.pkl
2025-05-27 11:53:29,414 - INFO - [Студент 1] Переход на страницу прогулов
2025-05-27 11:53:30,072 - INFO - [Студент 1] Найдено 4 ячеек прогулов
2025-05-27 11:53:33,864 - INFO - [Студент 1] Браузер закрыт
2025-05-27 11:56:21,628 - INFO - Используется драйвер: c:\Code\Python\Stable\web_drivers\geckodriver.exe
2025-05-27 11:56:35,224 - INFO - Выберите причину прогула:
2025-05-27 11:56:37,228 - INFO - Конфигурация сохранена
2025-05-27 11:56:37,228 - INFO - Запуск программы
2025-05-27 11:56:41,163 - INFO - [Студент 1] Открытие страницы логина
2025-05-27 11:56:41,699 - INFO - [Студент 1] Ввод логина/пароля и вход
2025-05-27 11:56:42,557 - INFO - [Студент 1] Попытка закрыть всплывающее окно
2025-05-27 11:56:42,603 - WARNING - [Студент 1] Всплывающее окно не найдено или не кликабельно — продолжаем работу
2025-05-27 11:56:42,603 - INFO - [Студент 1] Сохранение кук в cookie_1.pkl
2025-05-27 11:56:42,611 - ERROR - [Студент 1] Ошибка: Message: WebDriver session does not exist, or is not active
Stacktrace:
RemoteError@chrome://remote/content/shared/RemoteError.sys.mjs:8:8
WebDriverError@chrome://remote/content/shared/webdriver/Errors.sys.mjs:199:5
InvalidSessionIDError@chrome://remote/content/shared/webdriver/Errors.sys.mjs:469:5
assert.that/<@chrome://remote/content/shared/webdriver/Assert.sys.mjs:559:13
assert.session@chrome://remote/content/shared/webdriver/Assert.sys.mjs:37:4
despatch@chrome://remote/content/marionette/server.sys.mjs:315:19
execute@chrome://remote/content/marionette/server.sys.mjs:289:16
onPacket/<@chrome://remote/content/marionette/server.sys.mjs:262:20
onPacket@chrome://remote/content/marionette/server.sys.mjs:263:9
_onJSONObjectReady/<@chrome://remote/content/marionette/transport.sys.mjs:494:20
Traceback (most recent call last):
  File "c:\Code\Python\Stable\main.py", line 145, in process_student
    pickle.dump(browser.get_cookies(), open(cookie_file, "wb"))
  File "C:\Users\User\AppData\Local\Programs\Python\Python310\lib\site-packages\selenium\webdriver\remote\webdriver.py", line 734, in get_cookies
    return self.execute(Command.GET_ALL_COOKIES)["value"]
  File "C:\Users\User\AppData\Local\Programs\Python\Python310\lib\site-packages\selenium\webdriver\remote\webdriver.py", line 448, in execute
    self.error_handler.check_response(response)
  File "C:\Users\User\AppData\Local\Programs\Python\Python310\lib\site-packages\selenium\webdriver\remote\errorhandler.py", line 232, in check_response
    raise exception_class(message, screen, stacktrace)
selenium.common.exceptions.InvalidSessionIdException: Message: WebDriver session does not exist, or is not active
Stacktrace:
RemoteError@chrome://remote/content/shared/RemoteError.sys.mjs:8:8
WebDriverError@chrome://remote/content/shared/webdriver/Errors.sys.mjs:199:5
InvalidSessionIDError@chrome://remote/content/shared/webdriver/Errors.sys.mjs:469:5
assert.that/<@chrome://remote/content/shared/webdriver/Assert.sys.mjs:559:13
assert.session@chrome://remote/content/shared/webdriver/Assert.sys.mjs:37:4
despatch@chrome://remote/content/marionette/server.sys.mjs:315:19
execute@chrome://remote/content/marionette/server.sys.mjs:289:16
onPacket/<@chrome://remote/content/marionette/server.sys.mjs:262:20
onPacket@chrome://remote/content/marionette/server.sys.mjs:263:9
_onJSONObjectReady/<@chrome://remote/content/marionette/transport.sys.mjs:494:20

2025-05-27 11:56:42,614 - INFO - [Студент 1] Браузер закрыт
